<?xml version="1.0" encoding="UTF-8" standalone="yes" ?>
<test-results name="D:\_Progs\02Business\DeepDevLite\Tests\DeepDevLiteTests.exe" total="64" errors="0" failures="0" ignored="0" inconclusive="0" not-run="0" skipped="0" invalid="0" date="2026-02-20" time="0.937">
  <culture-info current-culture="en" current-uiculture="en" />
  <test-suite type="Assembly" name="DeepDevLiteTests.exe" executed="true" result="Success" success="True" time="0.937" asserts="0">
    <results>
        <test-suite type="Namespace" name="TestCtrlReport" executed="true" result="Success" success="True" time="0.000" asserts="0" >
          <results>
              <test-suite type="Fixture" name="TTestCtrlReport" executed="True" result="Success" success="True" time="0.000" >
                <results>
                  <test-case name="Test_GenerateReportID_Format" executed="True" result="Success" success="True" time="0.000" asserts="0" />
                  <test-case name="Test_GenerateReportID_Uniqueness" executed="True" result="Success" success="True" time="0.001" asserts="0" />
                  <test-case name="Test_GenerateSealHash_Consistent" executed="True" result="Success" success="True" time="0.000" asserts="0" />
                  <test-case name="Test_GenerateSealHash_Different" executed="True" result="Success" success="True" time="0.000" asserts="0" />
                  <test-case name="Test_CreateReport_Basic" executed="True" result="Success" success="True" time="0.000" asserts="0" />
                </results>
              </test-suite>
          </results>
        </test-suite>
        <test-suite type="Namespace" name="TestHelperFiles" executed="true" result="Success" success="True" time="0.042" asserts="0" >
          <results>
              <test-suite type="Fixture" name="TTestHelperFiles" executed="True" result="Success" success="True" time="0.042" >
                <results>
                  <test-case name="Test_GetFileSize_Existing" executed="True" result="Success" success="True" time="0.003" asserts="0" />
                  <test-case name="Test_GetFileSize_NonExisting" executed="True" result="Success" success="True" time="0.000" asserts="0" />
                  <test-case name="Test_ReadFileContent_Valid" executed="True" result="Success" success="True" time="0.002" asserts="0" />
                  <test-case name="Test_ReadFileContent_NonExisting" executed="True" result="Success" success="True" time="0.000" asserts="0" />
                  <test-case name="Test_WriteFileContent_Valid" executed="True" result="Success" success="True" time="0.003" asserts="0" />
                  <test-case name="Test_IsSourceFile_Py" executed="True" result="Success" success="True" time="0.000" asserts="0" />
                  <test-case name="Test_IsSourceFile_Js" executed="True" result="Success" success="True" time="0.000" asserts="0" />
                  <test-case name="Test_IsSourceFile_Txt" executed="True" result="Success" success="True" time="0.000" asserts="0" />
                  <test-case name="Test_GetTempScriptPath" executed="True" result="Success" success="True" time="0.000" asserts="0" />
                  <test-case name="Test_CleanTempFile" executed="True" result="Success" success="True" time="0.002" asserts="0" />
                  <test-case name="Test_GetUniqueFileName" executed="True" result="Success" success="True" time="0.000" asserts="0" />
                </results>
              </test-suite>
          </results>
        </test-suite>
        <test-suite type="Namespace" name="TestHelperJson" executed="true" result="Success" success="True" time="0.000" asserts="0" >
          <results>
              <test-suite type="Fixture" name="TTestHelperJson" executed="True" result="Success" success="True" time="0.000" >
                <results>
                  <test-case name="Test_GetJSONString_Valid" executed="True" result="Success" success="True" time="0.001" asserts="0" />
                  <test-case name="Test_GetJSONString_Missing" executed="True" result="Success" success="True" time="0.000" asserts="0" />
                  <test-case name="Test_GetJSONString_NullJSON" executed="True" result="Success" success="True" time="0.000" asserts="0" />
                  <test-case name="Test_GetJSONInteger_Valid" executed="True" result="Success" success="True" time="0.000" asserts="0" />
                  <test-case name="Test_GetJSONInteger_Missing" executed="True" result="Success" success="True" time="0.000" asserts="0" />
                  <test-case name="Test_GetJSONBool_True" executed="True" result="Success" success="True" time="0.000" asserts="0" />
                  <test-case name="Test_GetJSONBool_False" executed="True" result="Success" success="True" time="0.000" asserts="0" />
                  <test-case name="Test_GetJSONBool_StringTrue" executed="True" result="Success" success="True" time="0.000" asserts="0" />
                  <test-case name="Test_GetJSONFloat_Valid" executed="True" result="Success" success="True" time="0.000" asserts="0" />
                  <test-case name="Test_GetJSONObject_Valid" executed="True" result="Success" success="True" time="0.000" asserts="0" />
                  <test-case name="Test_GetJSONArray_Valid" executed="True" result="Success" success="True" time="0.000" asserts="0" />
                  <test-case name="Test_ParseJSON_Valid" executed="True" result="Success" success="True" time="0.000" asserts="0" />
                  <test-case name="Test_ParseJSON_Invalid" executed="True" result="Success" success="True" time="0.000" asserts="0" />
                  <test-case name="Test_ParseJSON_Empty" executed="True" result="Success" success="True" time="0.000" asserts="0" />
                </results>
              </test-suite>
          </results>
        </test-suite>
        <test-suite type="Namespace" name="TestModels" executed="true" result="Success" success="True" time="0.000" asserts="0" >
          <results>
              <test-suite type="Fixture" name="TTestModels" executed="True" result="Success" success="True" time="0.000" >
                <results>
                  <test-case name="Test_StrToSourceLanguage_Python" executed="True" result="Success" success="True" time="0.000" asserts="0" />
                  <test-case name="Test_StrToSourceLanguage_JavaScript" executed="True" result="Success" success="True" time="0.000" asserts="0" />
                  <test-case name="Test_StrToSourceLanguage_Unknown" executed="True" result="Success" success="True" time="0.000" asserts="0" />
                  <test-case name="Test_DetectLanguage_Py" executed="True" result="Success" success="True" time="0.000" asserts="0" />
                  <test-case name="Test_DetectLanguage_Js" executed="True" result="Success" success="True" time="0.000" asserts="0" />
                  <test-case name="Test_DetectLanguage_Ts" executed="True" result="Success" success="True" time="0.000" asserts="0" />
                  <test-case name="Test_DetectLanguage_Go" executed="True" result="Success" success="True" time="0.000" asserts="0" />
                  <test-case name="Test_DetectLanguage_Unknown" executed="True" result="Success" success="True" time="0.000" asserts="0" />
                  <test-case name="Test_SourceLanguageToStr" executed="True" result="Success" success="True" time="0.000" asserts="0" />
                  <test-case name="Test_GetLangExt" executed="True" result="Success" success="True" time="0.000" asserts="0" />
                  <test-case name="Test_Contract_Clear" executed="True" result="Success" success="True" time="0.000" asserts="0" />
                  <test-case name="Test_Contract_ToYAML" executed="True" result="Success" success="True" time="0.000" asserts="0" />
                  <test-case name="Test_TestResults_GetPassCount" executed="True" result="Success" success="True" time="0.000" asserts="0" />
                  <test-case name="Test_TestResults_GetTotalCount" executed="True" result="Success" success="True" time="0.000" asserts="0" />
                  <test-case name="Test_VerificationReport_GetPassRate" executed="True" result="Success" success="True" time="0.000" asserts="0" />
                  <test-case name="Test_AIConfig_GetModelForLevel" executed="True" result="Success" success="True" time="0.000" asserts="0" />
                  <test-case name="Test_VerifyStateToStr" executed="True" result="Success" success="True" time="0.000" asserts="0" />
                </results>
              </test-suite>
          </results>
        </test-suite>
        <test-suite type="Namespace" name="TestOutputFunctions" executed="true" result="Success" success="True" time="0.017" asserts="0" >
          <results>
              <test-suite type="Fixture" name="TTestOutputFunctions" executed="True" result="Success" success="True" time="0.017" >
                <results>
                  <test-case name="Test_AddSealMark_AddsComment" executed="True" result="Success" success="True" time="0.000" asserts="0" />
                  <test-case name="Test_SaveOutputCode_CreatesFile" executed="True" result="Success" success="True" time="0.000" asserts="0" />
                  <test-case name="Test_SaveSealRecord_CreatesFile" executed="True" result="Success" success="True" time="0.001" asserts="0" />
                  <test-case name="Test_SaveSealRecord_ContainsReportID" executed="True" result="Success" success="True" time="0.001" asserts="0" />
                  <test-case name="Test_SaveSealRecord_ContainsSealHash" executed="True" result="Success" success="True" time="0.001" asserts="0" />
                </results>
              </test-suite>
          </results>
        </test-suite>
        <test-suite type="Namespace" name="TestUserJourney" executed="true" result="Success" success="True" time="0.878" asserts="0" >
          <results>
              <test-suite type="Fixture" name="TTestUserJourney" executed="True" result="Success" success="True" time="0.878" >
                <results>
                  <test-case name="Test_Journey_01_WelcomePage_StartVerify" executed="True" result="Success" success="True" time="0.000" asserts="0" />
                  <test-case name="Test_Journey_02_CodeInput_PasteCode" executed="True" result="Success" success="True" time="0.000" asserts="0" />
                  <test-case name="Test_Journey_03_Contract_AIAnalysis" executed="True" result="Success" success="True" time="0.000" asserts="0" />
                  <test-case name="Test_Journey_04_Contract_UserConfirm" executed="True" result="Success" success="True" time="0.000" asserts="0" />
                  <test-case name="Test_Journey_05_Test_RunTests" executed="True" result="Success" success="True" time="0.000" asserts="0" />
                  <test-case name="Test_Journey_06_VerifyPassed_OutputFiles" executed="True" result="Success" success="True" time="0.002" asserts="0" />
                  <test-case name="Test_Journey_07_VerifyPassed_CopyCode" executed="True" result="Success" success="True" time="0.000" asserts="0" />
                  <test-case name="Test_Journey_08_VerifyPassed_ShareLink" executed="True" result="Success" success="True" time="0.000" asserts="0" />
                  <test-case name="Test_Journey_09_VerifyPassed_GenerateCard" executed="True" result="Success" success="True" time="0.000" asserts="0" />
                  <test-case name="Test_Journey_10_VerifyPassed_ExportPNG" executed="True" result="Success" success="True" time="0.853" asserts="0" />
                  <test-case name="Test_Journey_Fail_Retry3Times" executed="True" result="Success" success="True" time="0.000" asserts="0" />
                  <test-case name="Test_Journey_Fail_GiveUp" executed="True" result="Success" success="True" time="0.000" asserts="0" />
                </results>
              </test-suite>
          </results>
        </test-suite>
    </results>
  </test-suite>
</test-results>
